[debug] [2022-07-25T07:15:34.409Z] ----------------------------------------------------------------------
[debug] [2022-07-25T07:15:34.411Z] Command:       C:\Program Files\nodejs\node.exe C:\Users\Naimish\AppData\Roaming\npm\node_modules\firebase-tools\lib\bin\firebase.js init
[debug] [2022-07-25T07:15:34.411Z] CLI Version:   11.3.0
[debug] [2022-07-25T07:15:34.411Z] Platform:      win32
[debug] [2022-07-25T07:15:34.411Z] Node Version:  v16.15.1
[debug] [2022-07-25T07:15:34.412Z] Time:          Mon Jul 25 2022 12:45:34 GMT+0530 (India Standard Time)
[debug] [2022-07-25T07:15:34.412Z] ----------------------------------------------------------------------
[debug] 
[debug] [2022-07-25T07:15:34.414Z] >>> [apiv2][query] GET https://firebase-public.firebaseio.com/cli.json [none]
[debug] [2022-07-25T07:15:34.431Z] > command requires scopes: ["email","openid","https://www.googleapis.com/auth/cloudplatformprojects.readonly","https://www.googleapis.com/auth/firebase","https://www.googleapis.com/auth/cloud-platform"]
[debug] [2022-07-25T07:15:34.431Z] > authorizing via signed-in user (naimishbbhuva@gmail.com)
[info] 
     ######## #### ########  ######## ########     ###     ######  ########
     ##        ##  ##     ## ##       ##     ##  ##   ##  ##       ##
     ######    ##  ########  ######   ########  #########  ######  ######
     ##        ##  ##    ##  ##       ##     ## ##     ##       ## ##
     ##       #### ##     ## ######## ########  ##     ##  ######  ########

You're about to initialize a Firebase project in this directory:

  C:\PRIME\Programs\HTML and CSS and JS\New folder\instagram-clone

Before we get started, keep in mind:

  * You are currently outside your home directory

[debug] [2022-07-25T07:15:35.061Z] <<< [apiv2][status] GET https://firebase-public.firebaseio.com/cli.json 200
[debug] [2022-07-25T07:15:35.062Z] <<< [apiv2][body] GET https://firebase-public.firebaseio.com/cli.json {"cloudBuildErrorAfter":1594252800000,"cloudBuildWarnAfter":1590019200000,"defaultNode10After":1594252800000,"minVersion":"3.0.5","node8DeploysDisabledAfter":1613390400000,"node8RuntimeDisabledAfter":1615809600000,"node8WarnAfter":1600128000000}
